        -:    0:Source:src/crypt.c
        -:    0:Graph:tests.out-crypt.gcno
        -:    0:Data:tests.out-crypt.gcda
        -:    0:Runs:1
        -:    1:// FILE NAME  : crypt.c
        -:    2:// AUTHOR     : Rafael Garibotti
        -:    3:// DEVELOPERS : Rafael Garibotti
        -:    4:// E-mail     : rafael.garibotti@pucrs.br
        -:    5://-----------------------------------------------------------------------------
        -:    6:// RELEASE HISTORY
        -:    7:// VERSION   DATE         DESCRIPTION
        -:    8:// 1.0       2022-04-11   Initial version.
        -:    9://-----------------------------------------------------------------------------
        -:   10:
        -:   11:#include "crypt.h"
        -:   12:
        -:   13://-----------------------------------------------------------------------------
        -:   14:// CRYPT
        -:   15://-----------------------------------------------------------------------------
function crypt called 1 returned 100% blocks executed 47%
        1:   16:int crypt(uint32_t* key, uint32_t* input, uint8_t type, uint8_t enc_dec, uint32_t* output) {
        1:   17:  if (enc_dec == 0 || enc_dec == 1){
branch  0 taken 100% (fallthrough)
branch  1 taken 0%
branch  2 taken 100% (fallthrough)
branch  3 taken 0%
        1:   18:    switch (type) {
branch  0 taken 0%
branch  1 taken 0%
branch  2 taken 0%
branch  3 taken 100%
branch  4 taken 0%
branch  5 taken 0%
branch  6 taken 0%
branch  7 taken 0%
    #####:   19:      case 0  : seed(key, input, enc_dec, output); break;
call    0 never executed
    #####:   20:	  case 1  : aes(key, input, type, enc_dec, output); break;
call    0 never executed
    #####:   21:	  case 2  : aes(key, input, type, enc_dec, output); break;
call    0 never executed
        1:   22:	  case 3  : aes(key, input, type, enc_dec, output); break;
call    0 returned 100%
    #####:   23:	  case 4  : camellia(key, input, type, enc_dec, output); break;
call    0 never executed
    #####:   24:	  case 5  : camellia(key, input, type, enc_dec, output); break;
call    0 never executed
    #####:   25:	  case 6  : camellia(key, input, type, enc_dec, output); break;
call    0 never executed
    #####:   26:	  default : return 1; //Undefined type
        -:   27:    }
        -:   28:  } else {
    #####:   29:	return 1; //enc_dec argument must be 0 or 1
        -:   30:  }
        1:   31:  return 0;
        -:   32:}
